c:\users\james\documents\semester 2 2018\visual and interactive computing\mt1_2018_studentcodevic\vic_2018_mt1_studentversion\vic_2018_mt1\debug\vc141.pdb
c:\users\james\documents\semester 2 2018\visual and interactive computing\mt1_2018_studentcodevic\vic_2018_mt1_studentversion\vic_2018_mt1\debug\vc141.idb
c:\users\james\documents\semester 2 2018\visual and interactive computing\mt1_2018_studentcodevic\vic_2018_mt1_studentversion\vic_2018_mt1\debug\flags.obj
c:\users\james\documents\semester 2 2018\visual and interactive computing\mt1_2018_studentcodevic\vic_2018_mt1_studentversion\vic_2018_mt1\debug\taperedprism.obj
c:\users\james\documents\semester 2 2018\visual and interactive computing\mt1_2018_studentcodevic\vic_2018_mt1_studentversion\vic_2018_mt1\debug\main.obj
c:\users\james\documents\semester 2 2018\visual and interactive computing\mt1_2018_studentcodevic\vic_2018_mt1_studentversion\vic_2018_mt1\debug\grid.obj
c:\users\james\documents\semester 2 2018\visual and interactive computing\mt1_2018_studentcodevic\vic_2018_mt1_studentversion\vic_2018_mt1\debug\flagpole.obj
c:\users\james\documents\semester 2 2018\visual and interactive computing\mt1_2018_studentcodevic\vic_2018_mt1_studentversion\vic_2018_mt1\debug\dome.obj
c:\users\james\documents\semester 2 2018\visual and interactive computing\mt1_2018_studentcodevic\vic_2018_mt1_studentversion\vic_2018_mt1\debug\cubeclass.obj
c:\users\james\documents\semester 2 2018\visual and interactive computing\mt1_2018_studentcodevic\vic_2018_mt1_studentversion\vic_2018_mt1\debug\axes.obj
c:\users\james\documents\semester 2 2018\visual and interactive computing\mt1_2018_studentcodevic\vic_2018_mt1_studentversion\vic_2018_mt1\debug\2dtext.obj
c:\users\james cribb\documents\semester 2 2018\visual and interactive computing\mt1_2018_studentcodevic\vic_2018_mt1_studentversion\debug\vic_2018_mt1.exe
c:\users\james cribb\documents\semester 2 2018\visual and interactive computing\mt1_2018_studentcodevic\vic_2018_mt1_studentversion\debug\vic_2018_mt1.ilk
c:\users\james cribb\documents\semester 2 2018\visual and interactive computing\mt1_2018_studentcodevic\vic_2018_mt1_studentversion\debug\vic_2018_mt1.pdb
c:\users\james\documents\semester 2 2018\visual and interactive computing\mt1_2018_studentcodevic\vic_2018_mt1_studentversion\debug\vic_2018_mt1.exe
c:\users\james\documents\semester 2 2018\visual and interactive computing\mt1_2018_studentcodevic\vic_2018_mt1_studentversion\debug\vic_2018_mt1.ilk
c:\users\james\documents\semester 2 2018\visual and interactive computing\mt1_2018_studentcodevic\vic_2018_mt1_studentversion\debug\vic_2018_mt1.pdb
c:\users\james\documents\semester 2 2018\visual and interactive computing\mt1_2018_studentcodevic\vic_2018_mt1_studentversion\vic_2018_mt1\debug\ufo.obj
c:\users\james\documents\semester 2 2018\visual and interactive computing\mt1_2018_studentcodevic\vic_2018_mt1_studentversion\vic_2018_mt1\debug\usflag.obj
c:\users\james\documents\semester 2 2018\visual and interactive computing\mt1_2018_studentcodevic\vic_2018_mt1_studentversion\vic_2018_mt1\debug\vc140.idb
c:\users\james\documents\semester 2 2018\visual and interactive computing\mt1_2018_studentcodevic\vic_2018_mt1_studentversion\vic_2018_mt1\debug\vc140.pdb
c:\users\james\documents\semester 2 2018\visual and interactive computing\mt1_2018_studentcodevic\vic_2018_mt1_studentversion\vic_2018_mt1\debug\vic_2018_mt1.tlog\cl.command.1.tlog
c:\users\james\documents\semester 2 2018\visual and interactive computing\mt1_2018_studentcodevic\vic_2018_mt1_studentversion\vic_2018_mt1\debug\vic_2018_mt1.tlog\cl.read.1.tlog
c:\users\james\documents\semester 2 2018\visual and interactive computing\mt1_2018_studentcodevic\vic_2018_mt1_studentversion\vic_2018_mt1\debug\vic_2018_mt1.tlog\cl.write.1.tlog
c:\users\james\documents\semester 2 2018\visual and interactive computing\mt1_2018_studentcodevic\vic_2018_mt1_studentversion\vic_2018_mt1\debug\vic_2018_mt1.tlog\link.command.1.tlog
c:\users\james\documents\semester 2 2018\visual and interactive computing\mt1_2018_studentcodevic\vic_2018_mt1_studentversion\vic_2018_mt1\debug\vic_2018_mt1.tlog\link.delete.1.tlog
c:\users\james\documents\semester 2 2018\visual and interactive computing\mt1_2018_studentcodevic\vic_2018_mt1_studentversion\vic_2018_mt1\debug\vic_2018_mt1.tlog\link.read.1.tlog
c:\users\james\documents\semester 2 2018\visual and interactive computing\mt1_2018_studentcodevic\vic_2018_mt1_studentversion\vic_2018_mt1\debug\vic_2018_mt1.tlog\link.write.1.tlog
